[21/May/2015:15:53:25] ENGINE Listening for SIGHUP.
[21/May/2015:15:53:25] ENGINE Listening for SIGTERM.
[21/May/2015:15:53:25] ENGINE Listening for SIGUSR1.
[21/May/2015:15:53:25] ENGINE Bus STARTING
[21/May/2015:15:53:25] ENGINE Started monitor thread 'Autoreloader'.
[21/May/2015:15:53:25] ENGINE Started monitor thread '_TimeoutMonitor'.
[21/May/2015:15:53:26] ENGINE Serving on http://127.0.0.1:2000
[21/May/2015:15:53:26] ENGINE Bus STARTED
[21/May/2015:15:53:45] ENGINE Restarting because /home/aspire/veryimportante/mymy.py changed.
[21/May/2015:15:53:45] ENGINE Stopped thread 'Autoreloader'.
[21/May/2015:15:53:45] ENGINE Bus STOPPING
[21/May/2015:15:53:45] ENGINE HTTP Server cherrypy._cpwsgi_server.CPWSGIServer(('127.0.0.1', 2000)) shut down
[21/May/2015:15:53:45] ENGINE Stopped thread '_TimeoutMonitor'.
[21/May/2015:15:53:45] ENGINE Bus STOPPED
[21/May/2015:15:53:45] ENGINE Bus EXITING
[21/May/2015:15:53:45] ENGINE Bus EXITED
[21/May/2015:15:53:45] ENGINE Waiting for child threads to terminate...
[21/May/2015:15:53:45] ENGINE Re-spawning /home/aspire/veryimportante/mymy.py
[21/May/2015:15:53:45] ENGINE Listening for SIGHUP.
[21/May/2015:15:53:45] ENGINE Listening for SIGTERM.
[21/May/2015:15:53:45] ENGINE Listening for SIGUSR1.
[21/May/2015:15:53:45] ENGINE Bus STARTING
[21/May/2015:15:53:45] ENGINE Started monitor thread 'Autoreloader'.
[21/May/2015:15:53:45] ENGINE Started monitor thread '_TimeoutMonitor'.
[21/May/2015:15:53:45] ENGINE Serving on http://127.0.0.1:2000
[21/May/2015:15:53:45] ENGINE Bus STARTED
[21/May/2015:15:53:55] ENGINE Restarting because /home/aspire/veryimportante/mymy.py changed.
[21/May/2015:15:53:55] ENGINE Stopped thread 'Autoreloader'.
[21/May/2015:15:53:55] ENGINE Bus STOPPING
[21/May/2015:15:53:55] ENGINE HTTP Server cherrypy._cpwsgi_server.CPWSGIServer(('127.0.0.1', 2000)) shut down
[21/May/2015:15:53:55] ENGINE Stopped thread '_TimeoutMonitor'.
[21/May/2015:15:53:55] ENGINE Bus STOPPED
[21/May/2015:15:53:55] ENGINE Bus EXITING
[21/May/2015:15:53:55] ENGINE Bus EXITED
[21/May/2015:15:53:55] ENGINE Waiting for child threads to terminate...
[21/May/2015:15:53:55] ENGINE Re-spawning /home/aspire/veryimportante/mymy.py
[21/May/2015:15:53:55] ENGINE Listening for SIGHUP.
[21/May/2015:15:53:55] ENGINE Listening for SIGTERM.
[21/May/2015:15:53:55] ENGINE Listening for SIGUSR1.
[21/May/2015:15:53:55] ENGINE Bus STARTING
[21/May/2015:15:53:55] ENGINE Started monitor thread 'Autoreloader'.
[21/May/2015:15:53:55] ENGINE Started monitor thread '_TimeoutMonitor'.
[21/May/2015:15:53:55] ENGINE Serving on http://127.0.0.1:8080
[21/May/2015:15:53:55] ENGINE Bus STARTED
[21/May/2015:15:53:56] ENGINE Listening for SIGHUP.
[21/May/2015:15:53:56] ENGINE Listening for SIGTERM.
[21/May/2015:15:53:56] ENGINE Listening for SIGUSR1.
[21/May/2015:15:53:56] ENGINE Bus STARTING
[21/May/2015:15:53:56] ENGINE Started monitor thread 'Autoreloader'.
[21/May/2015:15:53:56] ENGINE Started monitor thread '_TimeoutMonitor'.
[21/May/2015:15:54:01] ENGINE Error in 'start' listener <bound method Server.start of <cherrypy._cpserver.Server object at 0x7fd5005fcc10>>
Traceback (most recent call last):
  File "/usr/local/lib/python2.7/dist-packages/cherrypy/process/wspbus.py", line 205, in publish
    output.append(listener(*args, **kwargs))
  File "/usr/local/lib/python2.7/dist-packages/cherrypy/_cpserver.py", line 168, in start
    ServerAdapter.start(self)
  File "/usr/local/lib/python2.7/dist-packages/cherrypy/process/servers.py", line 170, in start
    wait_for_free_port(*self.bind_addr)
  File "/usr/local/lib/python2.7/dist-packages/cherrypy/process/servers.py", line 438, in wait_for_free_port
    raise IOError("Port %r not free on %r" % (port, host))
IOError: Port 8080 not free on '127.0.0.1'

[21/May/2015:15:54:01] ENGINE Shutting down due to error in start listener:
Traceback (most recent call last):
  File "/usr/local/lib/python2.7/dist-packages/cherrypy/process/wspbus.py", line 243, in start
    self.publish('start')
  File "/usr/local/lib/python2.7/dist-packages/cherrypy/process/wspbus.py", line 223, in publish
    raise exc
ChannelFailures: IOError("Port 8080 not free on '127.0.0.1'",)

[21/May/2015:15:54:01] ENGINE Bus STOPPING
[21/May/2015:15:54:01] ENGINE HTTP Server cherrypy._cpwsgi_server.CPWSGIServer(('127.0.0.1', 8080)) already shut down
[21/May/2015:15:54:01] ENGINE Stopped thread 'Autoreloader'.
[21/May/2015:15:54:01] ENGINE Stopped thread '_TimeoutMonitor'.
[21/May/2015:15:54:01] ENGINE Bus STOPPED
[21/May/2015:15:54:01] ENGINE Bus EXITING
[21/May/2015:15:54:01] ENGINE Bus EXITED
[21/May/2015:15:54:12] ENGINE Listening for SIGHUP.
[21/May/2015:15:54:12] ENGINE Listening for SIGTERM.
[21/May/2015:15:54:12] ENGINE Listening for SIGUSR1.
[21/May/2015:15:54:12] ENGINE Bus STARTING
[21/May/2015:15:54:12] ENGINE Started monitor thread 'Autoreloader'.
[21/May/2015:15:54:12] ENGINE Started monitor thread '_TimeoutMonitor'.
[21/May/2015:15:54:17] ENGINE Error in 'start' listener <bound method Server.start of <cherrypy._cpserver.Server object at 0x7ff7d358ac10>>
Traceback (most recent call last):
  File "/usr/local/lib/python2.7/dist-packages/cherrypy/process/wspbus.py", line 205, in publish
    output.append(listener(*args, **kwargs))
  File "/usr/local/lib/python2.7/dist-packages/cherrypy/_cpserver.py", line 168, in start
    ServerAdapter.start(self)
  File "/usr/local/lib/python2.7/dist-packages/cherrypy/process/servers.py", line 170, in start
    wait_for_free_port(*self.bind_addr)
  File "/usr/local/lib/python2.7/dist-packages/cherrypy/process/servers.py", line 438, in wait_for_free_port
    raise IOError("Port %r not free on %r" % (port, host))
IOError: Port 8080 not free on '127.0.0.1'

[21/May/2015:15:54:17] ENGINE Shutting down due to error in start listener:
Traceback (most recent call last):
  File "/usr/local/lib/python2.7/dist-packages/cherrypy/process/wspbus.py", line 243, in start
    self.publish('start')
  File "/usr/local/lib/python2.7/dist-packages/cherrypy/process/wspbus.py", line 223, in publish
    raise exc
ChannelFailures: IOError("Port 8080 not free on '127.0.0.1'",)

[21/May/2015:15:54:17] ENGINE Bus STOPPING
[21/May/2015:15:54:17] ENGINE HTTP Server cherrypy._cpwsgi_server.CPWSGIServer(('127.0.0.1', 8080)) already shut down
[21/May/2015:15:54:17] ENGINE Stopped thread 'Autoreloader'.
[21/May/2015:15:54:17] ENGINE Stopped thread '_TimeoutMonitor'.
[21/May/2015:15:54:17] ENGINE Bus STOPPED
[21/May/2015:15:54:17] ENGINE Bus EXITING
[21/May/2015:15:54:17] ENGINE Bus EXITED
[21/May/2015:15:54:24] ENGINE Keyboard Interrupt: shutting down bus
[21/May/2015:15:54:24] ENGINE Bus STOPPING
[21/May/2015:15:54:29] ENGINE HTTP Server cherrypy._cpwsgi_server.CPWSGIServer(('127.0.0.1', 8080)) shut down
[21/May/2015:15:54:29] ENGINE Stopped thread 'Autoreloader'.
[21/May/2015:15:54:29] ENGINE Stopped thread '_TimeoutMonitor'.
[21/May/2015:15:54:29] ENGINE Bus STOPPED
[21/May/2015:15:54:29] ENGINE Bus EXITING
[21/May/2015:15:54:29] ENGINE Bus EXITED
[21/May/2015:15:54:29] ENGINE Waiting for child threads to terminate...
[21/May/2015:15:54:31] ENGINE Listening for SIGHUP.
[21/May/2015:15:54:31] ENGINE Listening for SIGTERM.
[21/May/2015:15:54:31] ENGINE Listening for SIGUSR1.
[21/May/2015:15:54:31] ENGINE Bus STARTING
[21/May/2015:15:54:31] ENGINE Started monitor thread 'Autoreloader'.
[21/May/2015:15:54:31] ENGINE Started monitor thread '_TimeoutMonitor'.
[21/May/2015:15:54:31] ENGINE Serving on http://127.0.0.1:8080
[21/May/2015:15:54:31] ENGINE Bus STARTED
[21/May/2015:15:54:44] ENGINE Keyboard Interrupt: shutting down bus
[21/May/2015:15:54:44] ENGINE Bus STOPPING
[21/May/2015:15:54:44] ENGINE HTTP Server cherrypy._cpwsgi_server.CPWSGIServer(('127.0.0.1', 8080)) shut down
[21/May/2015:15:54:44] ENGINE Stopped thread 'Autoreloader'.
[21/May/2015:15:54:44] ENGINE Stopped thread '_TimeoutMonitor'.
[21/May/2015:15:54:44] ENGINE Bus STOPPED
[21/May/2015:15:54:44] ENGINE Bus EXITING
[21/May/2015:15:54:44] ENGINE Bus EXITED
[21/May/2015:15:54:44] ENGINE Waiting for child threads to terminate...
[21/May/2015:15:58:33] ENGINE Listening for SIGHUP.
[21/May/2015:15:58:33] ENGINE Listening for SIGTERM.
[21/May/2015:15:58:33] ENGINE Listening for SIGUSR1.
[21/May/2015:15:58:33] ENGINE Bus STARTING
[21/May/2015:15:58:33] ENGINE Started monitor thread '_TimeoutMonitor'.
[21/May/2015:15:58:33] ENGINE Started monitor thread 'Autoreloader'.
[21/May/2015:15:58:33] ENGINE Serving on http://127.0.0.1:8080
[21/May/2015:15:58:33] ENGINE Bus STARTED
[21/May/2015:15:58:38] HTTP Traceback (most recent call last):
  File "/usr/local/lib/python2.7/dist-packages/cherrypy/_cprequest.py", line 670, in respond
    response.body = self.handler()
  File "/usr/local/lib/python2.7/dist-packages/cherrypy/lib/encoding.py", line 217, in __call__
    self.body = self.oldhandler(*args, **kwargs)
  File "/usr/local/lib/python2.7/dist-packages/cherrypy/_cpdispatch.py", line 61, in __call__
    return self.callable(*self.args, **self.kwargs)
  File "/usr/local/lib/python2.7/dist-packages/cherrypy/_cptools.py", line 175, in handle_func
    handled = self.callable(*args, **self._merged_args(kwargs))
  File "/usr/local/lib/python2.7/dist-packages/cherrypy/lib/static.py", line 309, in staticdir
    raise ValueError(msg)
ValueError: Static dir requires an absolute dir (or root).

[21/May/2015:15:58:44] HTTP Traceback (most recent call last):
  File "/usr/local/lib/python2.7/dist-packages/cherrypy/_cprequest.py", line 670, in respond
    response.body = self.handler()
  File "/usr/local/lib/python2.7/dist-packages/cherrypy/lib/encoding.py", line 217, in __call__
    self.body = self.oldhandler(*args, **kwargs)
  File "/usr/local/lib/python2.7/dist-packages/cherrypy/_cpdispatch.py", line 61, in __call__
    return self.callable(*self.args, **self.kwargs)
  File "/usr/local/lib/python2.7/dist-packages/cherrypy/_cptools.py", line 175, in handle_func
    handled = self.callable(*args, **self._merged_args(kwargs))
  File "/usr/local/lib/python2.7/dist-packages/cherrypy/lib/static.py", line 309, in staticdir
    raise ValueError(msg)
ValueError: Static dir requires an absolute dir (or root).

[21/May/2015:15:58:59] ENGINE Restarting because /home/aspire/veryimportante/mymy.py changed.
[21/May/2015:15:58:59] ENGINE Stopped thread 'Autoreloader'.
[21/May/2015:15:58:59] ENGINE Bus STOPPING
[21/May/2015:15:58:59] ENGINE Keyboard Interrupt: shutting down bus
[21/May/2015:15:58:59] ENGINE Bus STOPPING
[21/May/2015:15:58:59] ENGINE HTTP Server cherrypy._cpwsgi_server.CPWSGIServer(('127.0.0.1', 8080)) shut down
[21/May/2015:15:58:59] ENGINE Stopped thread '_TimeoutMonitor'.
[21/May/2015:15:58:59] ENGINE Stopped thread 'Autoreloader'.
[21/May/2015:15:58:59] ENGINE Bus STOPPED
[21/May/2015:15:58:59] ENGINE Bus EXITING
[21/May/2015:15:58:59] ENGINE Bus EXITED
[21/May/2015:15:58:59] ENGINE Waiting for child threads to terminate...
[21/May/2015:15:58:59] ENGINE Waiting for thread CP Server Thread-5.
[21/May/2015:15:59:01] ENGINE Re-spawning /home/aspire/veryimportante/mymy.py
[21/May/2015:15:59:01] ENGINE Listening for SIGHUP.
[21/May/2015:15:59:01] ENGINE Listening for SIGTERM.
[21/May/2015:15:59:01] ENGINE Listening for SIGUSR1.
[21/May/2015:15:59:01] ENGINE Bus STARTING
[21/May/2015:15:59:01] ENGINE Started monitor thread 'Autoreloader'.
[21/May/2015:15:59:01] ENGINE Started monitor thread '_TimeoutMonitor'.
[21/May/2015:15:59:01] ENGINE Serving on http://127.0.0.1:8080
[21/May/2015:15:59:01] ENGINE Bus STARTED
[21/May/2015:15:59:02] ENGINE Keyboard Interrupt: shutting down bus
[21/May/2015:15:59:02] ENGINE Bus STOPPING
[21/May/2015:15:59:02] ENGINE HTTP Server cherrypy._cpwsgi_server.CPWSGIServer(('127.0.0.1', 8080)) shut down
[21/May/2015:15:59:02] ENGINE Stopped thread 'Autoreloader'.
[21/May/2015:15:59:02] ENGINE Stopped thread '_TimeoutMonitor'.
[21/May/2015:15:59:02] ENGINE Bus STOPPED
[21/May/2015:15:59:02] ENGINE Bus EXITING
[21/May/2015:15:59:02] ENGINE Bus EXITED
[21/May/2015:15:59:02] ENGINE Waiting for child threads to terminate...
[21/May/2015:15:59:03] ENGINE Listening for SIGHUP.
[21/May/2015:15:59:03] ENGINE Listening for SIGTERM.
[21/May/2015:15:59:03] ENGINE Listening for SIGUSR1.
[21/May/2015:15:59:03] ENGINE Bus STARTING
[21/May/2015:15:59:03] ENGINE Started monitor thread 'Autoreloader'.
[21/May/2015:15:59:03] ENGINE Started monitor thread '_TimeoutMonitor'.
[21/May/2015:15:59:03] ENGINE Serving on http://127.0.0.1:8080
[21/May/2015:15:59:03] ENGINE Bus STARTED
[21/May/2015:15:59:12] HTTP Traceback (most recent call last):
  File "/usr/local/lib/python2.7/dist-packages/cherrypy/_cprequest.py", line 670, in respond
    response.body = self.handler()
  File "/usr/local/lib/python2.7/dist-packages/cherrypy/lib/encoding.py", line 217, in __call__
    self.body = self.oldhandler(*args, **kwargs)
  File "/usr/local/lib/python2.7/dist-packages/cherrypy/_cpdispatch.py", line 61, in __call__
    return self.callable(*self.args, **self.kwargs)
  File "/usr/local/lib/python2.7/dist-packages/cherrypy/_cptools.py", line 175, in handle_func
    handled = self.callable(*args, **self._merged_args(kwargs))
  File "/usr/local/lib/python2.7/dist-packages/cherrypy/lib/static.py", line 309, in staticdir
    raise ValueError(msg)
ValueError: Static dir requires an absolute dir (or root).

[21/May/2015:15:59:24] ENGINE Keyboard Interrupt: shutting down bus
[21/May/2015:15:59:24] ENGINE Bus STOPPING
[21/May/2015:15:59:24] ENGINE HTTP Server cherrypy._cpwsgi_server.CPWSGIServer(('127.0.0.1', 8080)) shut down
[21/May/2015:15:59:24] ENGINE Stopped thread 'Autoreloader'.
[21/May/2015:15:59:24] ENGINE Stopped thread '_TimeoutMonitor'.
[21/May/2015:15:59:24] ENGINE Bus STOPPED
[21/May/2015:15:59:24] ENGINE Bus EXITING
[21/May/2015:15:59:24] ENGINE Bus EXITED
[21/May/2015:15:59:24] ENGINE Waiting for child threads to terminate...
[21/May/2015:15:59:40] ENGINE Listening for SIGHUP.
[21/May/2015:15:59:40] ENGINE Listening for SIGTERM.
[21/May/2015:15:59:40] ENGINE Listening for SIGUSR1.
[21/May/2015:15:59:40] ENGINE Bus STARTING
[21/May/2015:15:59:40] ENGINE Started monitor thread '_TimeoutMonitor'.
[21/May/2015:15:59:40] ENGINE Started monitor thread 'Autoreloader'.
[21/May/2015:15:59:41] ENGINE Serving on http://127.0.0.1:8080
[21/May/2015:15:59:41] ENGINE Bus STARTED
[21/May/2015:15:59:43] HTTP Traceback (most recent call last):
  File "/usr/local/lib/python2.7/dist-packages/cherrypy/_cprequest.py", line 670, in respond
    response.body = self.handler()
  File "/usr/local/lib/python2.7/dist-packages/cherrypy/lib/encoding.py", line 217, in __call__
    self.body = self.oldhandler(*args, **kwargs)
  File "/usr/local/lib/python2.7/dist-packages/cherrypy/_cpdispatch.py", line 61, in __call__
    return self.callable(*self.args, **self.kwargs)
  File "/usr/local/lib/python2.7/dist-packages/cherrypy/_cptools.py", line 175, in handle_func
    handled = self.callable(*args, **self._merged_args(kwargs))
  File "/usr/local/lib/python2.7/dist-packages/cherrypy/lib/static.py", line 309, in staticdir
    raise ValueError(msg)
ValueError: Static dir requires an absolute dir (or root).

[21/May/2015:15:59:43] HTTP Traceback (most recent call last):
  File "/usr/local/lib/python2.7/dist-packages/cherrypy/_cprequest.py", line 670, in respond
    response.body = self.handler()
  File "/usr/local/lib/python2.7/dist-packages/cherrypy/lib/encoding.py", line 217, in __call__
    self.body = self.oldhandler(*args, **kwargs)
  File "/usr/local/lib/python2.7/dist-packages/cherrypy/_cpdispatch.py", line 61, in __call__
    return self.callable(*self.args, **self.kwargs)
  File "/usr/local/lib/python2.7/dist-packages/cherrypy/_cptools.py", line 175, in handle_func
    handled = self.callable(*args, **self._merged_args(kwargs))
  File "/usr/local/lib/python2.7/dist-packages/cherrypy/lib/static.py", line 309, in staticdir
    raise ValueError(msg)
ValueError: Static dir requires an absolute dir (or root).

[21/May/2015:15:59:43] HTTP Traceback (most recent call last):
  File "/usr/local/lib/python2.7/dist-packages/cherrypy/_cprequest.py", line 670, in respond
    response.body = self.handler()
  File "/usr/local/lib/python2.7/dist-packages/cherrypy/lib/encoding.py", line 217, in __call__
    self.body = self.oldhandler(*args, **kwargs)
  File "/usr/local/lib/python2.7/dist-packages/cherrypy/_cpdispatch.py", line 61, in __call__
    return self.callable(*self.args, **self.kwargs)
  File "/usr/local/lib/python2.7/dist-packages/cherrypy/_cptools.py", line 175, in handle_func
    handled = self.callable(*args, **self._merged_args(kwargs))
  File "/usr/local/lib/python2.7/dist-packages/cherrypy/lib/static.py", line 309, in staticdir
    raise ValueError(msg)
ValueError: Static dir requires an absolute dir (or root).

[21/May/2015:15:59:48] ENGINE Keyboard Interrupt: shutting down bus
[21/May/2015:15:59:48] ENGINE Bus STOPPING
[21/May/2015:15:59:53] ENGINE HTTP Server cherrypy._cpwsgi_server.CPWSGIServer(('127.0.0.1', 8080)) shut down
[21/May/2015:15:59:53] ENGINE Stopped thread '_TimeoutMonitor'.
[21/May/2015:15:59:53] ENGINE Stopped thread 'Autoreloader'.
[21/May/2015:15:59:53] ENGINE Bus STOPPED
[21/May/2015:15:59:53] ENGINE Bus EXITING
[21/May/2015:15:59:53] ENGINE Bus EXITED
[21/May/2015:15:59:53] ENGINE Waiting for child threads to terminate...
[21/May/2015:16:03:49] ENGINE Listening for SIGHUP.
[21/May/2015:16:03:49] ENGINE Listening for SIGTERM.
[21/May/2015:16:03:49] ENGINE Listening for SIGUSR1.
[21/May/2015:16:03:49] ENGINE Bus STARTING
[21/May/2015:16:03:49] ENGINE Started monitor thread '_TimeoutMonitor'.
[21/May/2015:16:03:49] ENGINE Started monitor thread 'Autoreloader'.
[21/May/2015:16:03:49] ENGINE Serving on http://127.0.0.1:8080
[21/May/2015:16:03:49] ENGINE Bus STARTED
[21/May/2015:16:04:04] ENGINE Keyboard Interrupt: shutting down bus
[21/May/2015:16:04:04] ENGINE Bus STOPPING
[21/May/2015:16:04:05] ENGINE HTTP Server cherrypy._cpwsgi_server.CPWSGIServer(('127.0.0.1', 8080)) shut down
[21/May/2015:16:04:05] ENGINE Stopped thread '_TimeoutMonitor'.
[21/May/2015:16:04:05] ENGINE Stopped thread 'Autoreloader'.
[21/May/2015:16:04:05] ENGINE Bus STOPPED
[21/May/2015:16:04:05] ENGINE Bus EXITING
[21/May/2015:16:04:05] ENGINE Bus EXITED
[21/May/2015:16:04:05] ENGINE Waiting for child threads to terminate...
[21/May/2015:16:04:05] ENGINE Waiting for thread CP Server Thread-5.
